2022-05-11 08:38:09,565 DEBUG [main] InternalLoggerFactory:89 - Using Log4J as the default logging framework
2022-05-11 08:38:09,568 DEBUG [main] ResourceLeakDetector:129 - -Dio.netty.leakDetection.level: simple
2022-05-11 08:38:09,569 DEBUG [main] ResourceLeakDetector:130 - -Dio.netty.leakDetection.targetRecords: 4
2022-05-11 08:38:09,571 DEBUG [main] ResourceLeakDetectorFactory:196 - Loaded default ResourceLeakDetector: io.netty.util.ResourceLeakDetector@4550bb58
2022-05-11 08:38:09,581 DEBUG [main] PlatformDependent0:460 - -Dio.netty.noUnsafe: false
2022-05-11 08:38:09,581 DEBUG [main] PlatformDependent0:954 - Java version: 8
2022-05-11 08:38:09,582 DEBUG [main] PlatformDependent0:135 - sun.misc.Unsafe.theUnsafe: available
2022-05-11 08:38:09,582 DEBUG [main] PlatformDependent0:159 - sun.misc.Unsafe.copyMemory: available
2022-05-11 08:38:09,582 DEBUG [main] PlatformDependent0:202 - java.nio.Buffer.address: available
2022-05-11 08:38:09,583 DEBUG [main] PlatformDependent0:272 - direct buffer constructor: available
2022-05-11 08:38:09,583 DEBUG [main] PlatformDependent0:350 - java.nio.Bits.unaligned: available, true
2022-05-11 08:38:09,583 DEBUG [main] PlatformDependent0:424 - jdk.internal.misc.Unsafe.allocateUninitializedArray(int): unavailable prior to Java9
2022-05-11 08:38:09,583 DEBUG [main] PlatformDependent0:446 - java.nio.DirectByteBuffer.<init>(long, int): available
2022-05-11 08:38:09,584 DEBUG [main] PlatformDependent:1103 - sun.misc.Unsafe: available
2022-05-11 08:38:09,584 DEBUG [main] PlatformDependent:1224 - -Dio.netty.tmpdir: C:\Users\sokoeurn chhay\AppData\Local\Temp (java.io.tmpdir)
2022-05-11 08:38:09,584 DEBUG [main] PlatformDependent:1303 - -Dio.netty.bitMode: 64 (sun.arch.data.model)
2022-05-11 08:38:09,585 DEBUG [main] PlatformDependent:1063 - Platform: Windows
2022-05-11 08:38:09,585 DEBUG [main] PlatformDependent:178 - -Dio.netty.maxDirectMemory: 3754426368 bytes
2022-05-11 08:38:09,585 DEBUG [main] PlatformDependent:185 - -Dio.netty.uninitializedArrayAllocationThreshold: -1
2022-05-11 08:38:09,586 DEBUG [main] CleanerJava6:92 - java.nio.ByteBuffer.cleaner(): available
2022-05-11 08:38:09,586 DEBUG [main] PlatformDependent:205 - -Dio.netty.noPreferDirect: false
2022-05-11 08:38:09,590 DEBUG [main] PlatformDependent:967 - org.jctools-core.MpscChunkedArrayQueue: available
2022-05-11 08:38:09,600 DEBUG [main] InternalThreadLocalMap:83 - -Dio.netty.threadLocalMap.stringBuilder.initialSize: 1024
2022-05-11 08:38:09,600 DEBUG [main] InternalThreadLocalMap:86 - -Dio.netty.threadLocalMap.stringBuilder.maxSize: 4096
2022-05-11 08:38:09,822 DEBUG [main] JdkSslContext:97 - Default protocols (JDK): [TLSv1.2] 
2022-05-11 08:38:09,822 DEBUG [main] JdkSslContext:98 - Default cipher suites (JDK): [TLS_ECDHE_ECDSA_WITH_AES_256_GCM_SHA384, TLS_ECDHE_ECDSA_WITH_AES_128_GCM_SHA256, TLS_ECDHE_RSA_WITH_AES_128_GCM_SHA256, TLS_ECDHE_RSA_WITH_AES_256_GCM_SHA384, TLS_ECDHE_RSA_WITH_AES_128_CBC_SHA, TLS_ECDHE_RSA_WITH_AES_256_CBC_SHA, TLS_RSA_WITH_AES_128_GCM_SHA256, TLS_RSA_WITH_AES_128_CBC_SHA, TLS_RSA_WITH_AES_256_CBC_SHA, TLS_AES_128_GCM_SHA256, TLS_AES_256_GCM_SHA384]
2022-05-11 08:38:09,837 DEBUG [main] MultithreadEventLoopGroup:44 - -Dio.netty.eventLoopThreads: 16
2022-05-11 08:38:09,849 DEBUG [main] NioEventLoop:106 - -Dio.netty.noKeySetOptimization: false
2022-05-11 08:38:09,850 DEBUG [main] NioEventLoop:107 - -Dio.netty.selectorAutoRebuildThreshold: 512
2022-05-11 08:38:09,870 DEBUG [main] PooledByteBufAllocator:155 - -Dio.netty.allocator.numHeapArenas: 16
2022-05-11 08:38:09,870 DEBUG [main] PooledByteBufAllocator:156 - -Dio.netty.allocator.numDirectArenas: 16
2022-05-11 08:38:09,870 DEBUG [main] PooledByteBufAllocator:158 - -Dio.netty.allocator.pageSize: 8192
2022-05-11 08:38:09,870 DEBUG [main] PooledByteBufAllocator:163 - -Dio.netty.allocator.maxOrder: 11
2022-05-11 08:38:09,871 DEBUG [main] PooledByteBufAllocator:167 - -Dio.netty.allocator.chunkSize: 16777216
2022-05-11 08:38:09,871 DEBUG [main] PooledByteBufAllocator:168 - -Dio.netty.allocator.smallCacheSize: 256
2022-05-11 08:38:09,871 DEBUG [main] PooledByteBufAllocator:169 - -Dio.netty.allocator.normalCacheSize: 64
2022-05-11 08:38:09,871 DEBUG [main] PooledByteBufAllocator:170 - -Dio.netty.allocator.maxCachedBufferCapacity: 32768
2022-05-11 08:38:09,871 DEBUG [main] PooledByteBufAllocator:171 - -Dio.netty.allocator.cacheTrimInterval: 8192
2022-05-11 08:38:09,871 DEBUG [main] PooledByteBufAllocator:172 - -Dio.netty.allocator.cacheTrimIntervalMillis: 0
2022-05-11 08:38:09,871 DEBUG [main] PooledByteBufAllocator:173 - -Dio.netty.allocator.useCacheForAllThreads: true
2022-05-11 08:38:09,871 DEBUG [main] PooledByteBufAllocator:174 - -Dio.netty.allocator.maxCachedByteBuffersPerChunk: 1023
2022-05-11 08:38:09,877 DEBUG [main] ByteBufUtil:87 - -Dio.netty.allocator.type: pooled
2022-05-11 08:38:09,877 DEBUG [main] ByteBufUtil:96 - -Dio.netty.threadLocalDirectBufferSize: 0
2022-05-11 08:38:09,878 DEBUG [main] ByteBufUtil:99 - -Dio.netty.maxThreadLocalCharBufferSize: 16384
2022-05-11 08:38:10,572 DEBUG [Forwarding newSession on session null to remote] DefaultChannelId:79 - -Dio.netty.processId: 11496 (auto-detected)
2022-05-11 08:38:10,574 DEBUG [Forwarding newSession on session null to remote] NetUtil:135 - -Djava.net.preferIPv4Stack: false
2022-05-11 08:38:10,574 DEBUG [Forwarding newSession on session null to remote] NetUtil:136 - -Djava.net.preferIPv6Addresses: false
2022-05-11 08:38:10,662 DEBUG [Forwarding newSession on session null to remote] NetUtilInitializations:129 - Loopback interface: lo (Software Loopback Interface 1, 127.0.0.1)
2022-05-11 08:38:10,663 DEBUG [Forwarding newSession on session null to remote] NetUtil:187 - Failed to get SOMAXCONN from sysctl and file \proc\sys\net\core\somaxconn. Default: 200
2022-05-11 08:38:10,781 DEBUG [Forwarding newSession on session null to remote] DefaultChannelId:101 - -Dio.netty.machineId: 04:56:e5:ff:fe:2f:c3:80 (auto-detected)
2022-05-11 08:38:10,808 DEBUG [AsyncHttpClient-1-2] AbstractByteBuf:63 - -Dio.netty.buffer.checkAccessible: true
2022-05-11 08:38:10,808 DEBUG [AsyncHttpClient-1-2] AbstractByteBuf:64 - -Dio.netty.buffer.checkBounds: true
2022-05-11 08:38:10,808 DEBUG [AsyncHttpClient-1-2] ResourceLeakDetectorFactory:196 - Loaded default ResourceLeakDetector: io.netty.util.ResourceLeakDetector@7730603f
2022-05-11 08:38:10,822 DEBUG [AsyncHttpClient-1-2] Recycler:103 - -Dio.netty.recycler.maxCapacityPerThread: 4096
2022-05-11 08:38:10,822 DEBUG [AsyncHttpClient-1-2] Recycler:104 - -Dio.netty.recycler.maxSharedCapacityFactor: 2
2022-05-11 08:38:10,822 DEBUG [AsyncHttpClient-1-2] Recycler:105 - -Dio.netty.recycler.linkCapacity: 16
2022-05-11 08:38:10,822 DEBUG [AsyncHttpClient-1-2] Recycler:106 - -Dio.netty.recycler.ratio: 8
2022-05-11 08:38:10,822 DEBUG [AsyncHttpClient-1-2] Recycler:107 - -Dio.netty.recycler.delayedQueue.ratio: 8
2022-05-11 08:38:11,309 DEBUG [AsyncHttpClient-1-2] Brotli:38 - brotli4j not in the classpath; Brotli support will be unavailable.
2022-05-11 08:38:11,362 DEBUG [main] ThreadLocalRandom:214 - -Dio.netty.initialSeedUniquifier: 0xcdc801afd3ac8a81
2022-05-11 08:38:15,187 DEBUG [AsyncHttpClient-1-3] PoolThreadCache:224 - Freed 2 thread-local buffer(s) from thread: AsyncHttpClient-1-3
2022-05-11 08:38:15,187 DEBUG [AsyncHttpClient-1-2] PoolThreadCache:224 - Freed 13 thread-local buffer(s) from thread: AsyncHttpClient-1-2
